<?xml version="1.0" encoding="UTF-8"?>
<!-- Generated by org.testng.reporters.JUnitReportReporter -->
<testsuite skipped="0" hostname="CBT-MH-000" name="Automation.Php_Travels.Testcase_4" tests="1" failures="0" timestamp="31 Oct 2019 11:01:07 GMT" time="19.693" errors="0">
  <testcase name="Carsearch" time="19.693" classname="Automation.Php_Travels.Testcase_4"/>
</testsuite> <!-- Automation.Php_Travels.Testcase_4 -->
