<?xml version="1.0" encoding="UTF-8"?>
<!-- Generated by org.testng.reporters.JUnitReportReporter -->
<testsuite skipped="0" hostname="CBT-MH-000" name="Automation.Php_Travels.Testcase_1" tests="1" failures="0" timestamp="31 Oct 2019 11:01:07 GMT" time="18.642" errors="0">
  <testcase name="Reg" time="18.642" classname="Automation.Php_Travels.Testcase_1"/>
</testsuite> <!-- Automation.Php_Travels.Testcase_1 -->
