<?xml version="1.0" encoding="UTF-8"?>
<!-- Generated by org.testng.reporters.JUnitReportReporter -->
<testsuite skipped="0" hostname="CBT-MH-000" name="Automation.Php_Travels.Testcase_1" tests="1" failures="0" timestamp="11 Oct 2019 10:08:48 GMT" time="14.279" errors="0">
  <testcase name="Reg" time="14.279" classname="Automation.Php_Travels.Testcase_1"/>
</testsuite> <!-- Automation.Php_Travels.Testcase_1 -->
